<?xml version="1.0" encoding="UTF-8"?>
<!-- Generated by org.testng.reporters.JUnitReportReporter -->
<testsuite skipped="0" hostname="vmt10295" name="com.valuemomentum.retail.automationtests.SmokeTests" tests="1" failures="0" timestamp="2021-03-21T17:29:48 IST" time="17.414" errors="0">
  <testcase name="verifyMobilePurchase" time="17.414" classname="com.valuemomentum.retail.automationtests.SmokeTests"/>
  <system-out/>
</testsuite> <!-- com.valuemomentum.retail.automationtests.SmokeTests -->
