<?xml version="1.0" encoding="UTF-8"?>
<!-- Generated by org.testng.reporters.JUnitReportReporter -->
<testsuite skipped="0" hostname="vmt10295" name="com.valuemomentum.retail.automationtest.Kotak" tests="1" failures="0" timestamp="2021-03-18T07:40:36 IST" time="5.543" errors="0">
  <testcase name="verifyLogin" time="5.543" classname="com.valuemomentum.retail.automationtest.Kotak"/>
  <system-out/>
</testsuite> <!-- com.valuemomentum.retail.automationtest.Kotak -->
